

times in msec
 clock   self+sourced   self:  sourced script
 clock   elapsed:              other lines

000.003  000.003: --- NVIM STARTING ---
000.080  000.077: event init
000.172  000.092: early init
000.551  000.379: locale set
000.587  000.036: init first window
001.024  000.437: inits 1
001.036  000.012: window checked
001.038  000.002: parsing arguments
001.539  000.091  000.091: require('vim.shared')
001.657  000.040  000.040: require('vim._meta')
001.659  000.116  000.077: require('vim._editor')
001.661  000.250  000.043: require('vim._init_packages')
001.662  000.374: init lua interpreter
001.954  000.292: expanding arguments
001.977  000.023: inits 2
002.270  000.292: init highlight
002.270  000.001: waiting for UI
003.728  001.458: done waiting for UI
003.743  000.015: clear screen
003.907  000.165: init default mappings
003.920  000.012: init default autocommands
004.442  000.041  000.041: sourcing /opt/homebrew/Cellar/neovim/HEAD-bf9ad5d/share/nvim/runtime/ftplugin.vim
004.503  000.015  000.015: sourcing /opt/homebrew/Cellar/neovim/HEAD-bf9ad5d/share/nvim/runtime/indent.vim
004.712  000.082  000.082: require('utils.globals')
004.867  000.143  000.143: require('core.lazy')
005.305  000.392  000.392: require('lazy')
005.375  000.068  000.068: require('plugins.treesitter')
005.392  000.009  000.009: require('ffi')
005.692  000.299  000.299: require('lazy.core.cache')
005.804  000.098  000.098: require('lazy.stats')
005.933  000.113  000.113: require('lazy.core.util')
005.998  000.064  000.064: require('lazy.core.config')
006.107  000.051  000.051: require('lazy.core.handler')
006.165  000.058  000.058: require('lazy.core.plugin')
006.168  000.170  000.061: require('lazy.core.loader')
007.018  000.054  000.054: require('lazy.core.handler.keys')
007.068  000.048  000.048: require('lazy.core.handler.cmd')
007.114  000.045  000.045: require('lazy.core.handler.event')
007.154  000.039  000.039: require('lazy.core.handler.ft')
007.290  000.003  000.003: require('vim.keymap')
007.672  000.233  000.233: sourcing /opt/homebrew/Cellar/neovim/HEAD-bf9ad5d/share/nvim/runtime/filetype.lua
009.345  001.274  001.274: require('vim.filetype')
010.211  000.129  000.129: require('luasnip.util.types')
010.304  000.091  000.091: require('luasnip.util.ext_opts')
010.578  000.085  000.085: require('luasnip.session')
010.587  000.197  000.112: require('luasnip.util.util')
010.590  000.284  000.087: require('luasnip.extras.filetype_functions')
010.701  001.151  000.648: require('luasnip.config')
010.969  000.100  000.100: require('luasnip.session.snippet_collection')
011.349  000.269  000.269: require('luasnip.util._builtin_vars')
011.368  000.017  000.017: require('vim.inspect')
011.386  000.415  000.129: require('luasnip.util.environ')
011.430  000.044  000.044: require('luasnip.util.extend_decorator')
011.572  000.082  000.082: require('luasnip.loaders._caches')
011.674  000.100  000.100: require('luasnip.util.path')
011.682  000.251  000.069: require('luasnip.loaders')
011.800  000.114  000.114: require('luasnip.util.log')
011.814  001.109  000.185: require('luasnip')
011.834  003.837  000.303: sourcing /Users/cyprien/.local/share/nvim/lazy/LuaSnip/plugin/luasnip.lua
011.950  000.027  000.027: sourcing /Users/cyprien/.local/share/nvim/lazy/LuaSnip/plugin/luasnip.vim
012.490  000.051  000.051: require('telescope._extensions')
012.492  000.266  000.216: require('telescope')
012.849  000.286  000.286: require('fzf_lib')
013.245  000.014  000.014: sourcing /Users/cyprien/.local/share/nvim/lazy/plenary.nvim/plugin/plenary.vim
013.322  000.327  000.313: require('plenary.log')
013.422  000.488  000.161: require('telescope.log')
014.008  000.115  000.115: require('plenary.bit')
014.116  000.107  000.107: require('plenary.functional')
014.136  000.575  000.353: require('plenary.path')
014.264  000.127  000.127: require('plenary.job')
014.439  000.173  000.173: require('plenary.strings')
014.573  000.132  000.132: require('telescope.state')
014.584  001.161  000.153: require('telescope.utils')
014.592  001.742  000.092: require('telescope.sorters')
014.618  002.126  000.098: require('telescope._extensions.fzf')
014.904  000.171  000.171: require('telescope.deprecated')
015.014  000.003  000.003: require('vim.F')
015.749  001.127  000.953: require('telescope.config')
016.567  000.053  000.053: require('plenary.window.border')
016.617  000.049  000.049: require('plenary.window')
016.660  000.042  000.042: require('plenary.popup.utils')
016.662  000.204  000.060: require('plenary.popup')
016.717  000.054  000.054: require('telescope.pickers.scroller')
016.769  000.052  000.052: require('telescope.actions.state')
016.828  000.058  000.058: require('telescope.actions.utils')
016.926  000.048  000.048: require('telescope.actions.mt')
016.933  000.103  000.056: require('telescope.actions.set')
017.052  000.069  000.069: require('telescope.config.resolve')
017.057  000.123  000.054: require('telescope.pickers.entry_display')
017.138  000.079  000.079: require('telescope.from_entry')
017.237  000.901  000.227: require('telescope.actions')
017.528  000.035  000.035: require('plenary.tbl')
017.530  000.084  000.049: require('plenary.vararg.rotate')
017.531  000.128  000.044: require('plenary.vararg')
017.566  000.035  000.035: require('plenary.errors')
017.568  000.203  000.040: require('plenary.async.async')
017.726  000.038  000.038: require('plenary.async.structs')
017.729  000.084  000.046: require('plenary.async.control')
017.733  000.126  000.042: require('plenary.async.util')
017.734  000.162  000.036: require('plenary.async.tests')
017.735  000.410  000.044: require('plenary.async')
017.794  000.058  000.058: require('telescope.debounce')
017.879  000.084  000.084: require('telescope.mappings')
017.985  000.105  000.105: require('telescope.pickers.highlights')
018.074  000.088  000.088: require('telescope.pickers.window')
018.286  000.112  000.112: require('telescope.algos.linked_list')
018.290  000.214  000.102: require('telescope.entry_manager')
018.389  000.098  000.098: require('telescope.pickers.multi')
018.405  001.167  000.110: require('telescope.pickers')
018.512  000.106  000.106: require('telescope.themes')
019.217  000.195  000.195: require('telescope.make_entry')
019.332  000.114  000.114: require('telescope.finders.async_static_finder')
019.500  000.049  000.049: require('plenary.class')
019.556  000.163  000.114: require('telescope._')
019.557  000.224  000.061: require('telescope.finders.async_oneshot_finder')
019.617  000.058  000.058: require('telescope.finders.async_job_finder')
019.623  000.719  000.128: require('telescope.finders')
019.633  000.851  000.131: require('telescope.builtin.__lsp')
019.646  001.040  000.189: require('telescope.builtin')
019.901  000.097  000.097: require('telescope._extensions.project.utils')
020.095  000.193  000.193: require('plenary.iterators')
020.397  000.301  000.301: require('plenary.scandir')
020.405  000.758  000.168: require('telescope._extensions.project.git')
020.483  001.970  000.172: require('telescope._extensions.project.actions')
020.573  000.089  000.089: require('telescope._extensions.project.finders')
020.578  004.302  000.070: require('telescope._extensions.project.main')
020.637  004.636  000.334: require('telescope._extensions.project')
021.055  000.041  000.041: require('telescope._extensions.recent_files.utils')
021.064  000.101  000.059: require('telescope._extensions.recent_files.recent_files_picker')
021.065  000.365  000.265: require('telescope._extensions.recent_files')
021.252  000.123  000.123: sourcing /Users/cyprien/.local/share/nvim/lazy/telescope.nvim/plugin/telescope.lua
021.311  000.049  000.049: require('plugins.telescope')
022.394  000.071  000.071: require('utils.colors')
022.402  000.150  000.079: require('plugins.lualine.themes')
023.117  000.027  000.027: sourcing /Users/cyprien/.local/share/nvim/lazy/formatter.nvim/plugin/formatter.vim
023.345  000.196  000.196: require('formatter.config')
023.393  000.047  000.047: require('formatter.log')
023.394  000.848  000.577: require('formatter')
023.465  000.069  000.069: require('formatter.util')
023.466  000.988  000.071: require('plugins.format')
023.545  000.057  000.057: require('utils.icons')
023.553  001.150  000.105: require('plugins.lualine.components')
023.554  001.377  000.078: require('plugins.lualine')
023.705  000.067  000.067: require('lualine_require')
023.956  000.400  000.334: require('lualine')
024.697  000.085  000.085: require('lualine.highlight')
028.727  000.075  000.075: require('fidget.log')
028.733  000.377  000.302: require('fidget')
028.864  000.056  000.056: require('fidget.spinners')
029.145  000.102  000.102: require('vim.lsp.log')
029.334  000.188  000.188: require('vim.lsp.protocol')
029.531  000.112  000.112: require('vim.lsp._snippet')
029.583  000.051  000.051: require('vim.highlight')
029.595  000.260  000.096: require('vim.lsp.util')
029.603  000.619  000.070: require('vim.lsp.handlers')
029.693  000.089  000.089: require('vim.lsp.rpc')
029.745  000.052  000.052: require('vim.lsp.sync')
029.826  000.080  000.080: require('vim.lsp.semantic_tokens')
029.937  000.109  000.109: require('vim.lsp.buf')
030.004  000.066  000.066: require('vim.lsp.diagnostic')
030.060  000.055  000.055: require('vim.lsp.codelens')
030.122  001.257  000.188: require('vim.lsp')
030.776  000.592  000.592: require('boole')
033.267  000.526  000.526: require('cmp.utils.api')
033.420  000.071  000.071: require('cmp.types.cmp')
033.600  000.085  000.085: require('cmp.utils.misc')
033.627  000.205  000.120: require('cmp.types.lsp')
033.681  000.053  000.053: require('cmp.types.vim')
033.682  000.413  000.085: require('cmp.types')
033.748  000.064  000.064: require('cmp.utils.highlight')
033.872  000.061  000.061: require('cmp.utils.debug')
033.878  000.129  000.068: require('cmp.utils.autocmd')
034.121  001.437  000.305: sourcing /Users/cyprien/.local/share/nvim/lazy/nvim-cmp/plugin/cmp.lua
034.788  000.145  000.145: require('cmp.utils.char')
034.796  000.266  000.121: require('cmp.utils.str')
034.856  000.059  000.059: require('cmp.utils.pattern')
035.274  000.254  000.254: require('cmp.utils.buffer')
035.299  000.367  000.113: require('cmp.utils.keymap')
035.313  000.456  000.089: require('cmp.utils.feedkeys')
035.594  000.280  000.280: require('cmp.utils.async')
035.929  000.150  000.150: require('cmp.utils.cache')
035.938  000.340  000.190: require('cmp.context')
036.620  000.281  000.281: require('cmp.config.mapping')
036.843  000.153  000.153: require('cmp.config.compare')
036.848  000.226  000.073: require('cmp.config.default')
036.867  000.788  000.281: require('cmp.config')
036.974  000.042  000.042: require('cmp.matcher')
036.976  000.108  000.067: require('cmp.entry')
036.979  001.040  000.144: require('cmp.source')
037.056  000.036  000.036: require('cmp.utils.event')
037.175  000.039  000.039: require('cmp.utils.options')
037.178  000.084  000.045: require('cmp.utils.window')
037.180  000.124  000.040: require('cmp.view.docs_view')
037.251  000.070  000.070: require('cmp.view.custom_entries_view')
037.316  000.064  000.064: require('cmp.view.wildmenu_entries_view')
037.373  000.056  000.056: require('cmp.view.native_entries_view')
037.426  000.052  000.052: require('cmp.view.ghost_text_view')
037.431  000.451  000.049: require('cmp.view')
037.459  003.061  000.169: require('cmp.core')
037.565  000.051  000.051: require('cmp.config.sources')
037.640  000.074  000.074: require('cmp.config.window')
037.682  003.407  000.221: require('cmp')
038.269  000.041  000.041: require('neogen.config')
038.307  000.037  000.037: require('neogen.utilities.helpers')
038.349  000.041  000.041: require('neogen.mark')
038.351  000.449  000.330: require('neogen')
038.364  000.681  000.232: require('neogen')
038.366  004.208  000.120: require('plugins.cmp')
038.662  000.044  000.044: require('luasnip.loaders.util')
038.893  000.040  000.040: require('luasnip.nodes.util')
038.931  000.038  000.038: require('luasnip.util.events')
038.935  000.128  000.050: require('luasnip.nodes.node')
038.997  000.061  000.061: require('luasnip.nodes.insertNode')
039.042  000.044  000.044: require('luasnip.nodes.textNode')
039.082  000.039  000.039: require('luasnip.util.mark')
039.141  000.038  000.038: require('luasnip.util.pattern_tokenizer')
039.187  000.046  000.046: require('luasnip.util.dict')
039.215  000.471  000.116: require('luasnip.nodes.snippet')
039.384  000.053  000.053: require('luasnip.util.parser.neovim_ast')
039.436  000.051  000.051: require('luasnip.util.str')
040.887  000.057  000.057: require('luasnip.util.directed_graph')
040.890  001.615  001.455: require('luasnip.util.parser.ast_utils')
040.971  000.079  000.079: require('luasnip.nodes.functionNode')
041.056  000.083  000.083: require('luasnip.nodes.choiceNode')
041.122  000.065  000.065: require('luasnip.nodes.dynamicNode')
041.173  000.050  000.050: require('luasnip.util.functions')
041.176  001.960  000.068: require('luasnip.util.parser.ast_parser')
041.261  000.084  000.084: require('luasnip.util.parser.neovim_parser')
041.264  002.563  000.047: require('luasnip.util.parser')
041.266  002.604  000.041: require('luasnip.nodes.snippetProxy')
041.269  002.700  000.053: require('luasnip.loaders.from_snipmate')
042.010  000.065  000.065: require('luasnip.loaders.from_vscode')
042.603  000.389  000.389: require('nest')
042.609  000.457  000.067: require('core.keymaps')
042.660  000.050  000.050: require('plugins.toggleterm')
043.344  000.203  000.203: require('nvim-tree.notify')
043.347  000.257  000.053: require('nvim-tree.events')
043.501  000.046  000.046: require('nvim-tree.log')
043.615  000.050  000.050: require('nvim-tree.iterators.node-iterator')
043.637  000.135  000.085: require('nvim-tree.utils')
043.719  000.081  000.081: require('nvim-tree.git.utils')
043.775  000.055  000.055: require('nvim-tree.git.runner')
043.829  000.053  000.053: require('nvim-tree.watcher')
043.880  000.050  000.050: require('nvim-tree.explorer.node')
043.883  000.483  000.063: require('nvim-tree.git')
043.938  000.054  000.054: require('nvim-tree.explorer.watch')
044.032  000.047  000.047: require('nvim-tree.explorer.node-builders')
044.079  000.046  000.046: require('nvim-tree.explorer.sorters')
044.128  000.048  000.048: require('nvim-tree.explorer.filters')
044.252  000.071  000.071: require('nvim-tree.view')
044.255  000.126  000.055: require('nvim-tree.live-filter')
044.256  000.317  000.051: require('nvim-tree.explorer.explore')
044.308  000.051  000.051: require('nvim-tree.explorer.reload')
044.310  000.962  000.057: require('nvim-tree.explorer')
044.312  001.265  000.047: require('nvim-tree.core')
044.363  000.051  000.051: require('nvim-tree.diagnostics')
044.454  000.042  000.042: require('nvim-tree.modified')
044.456  000.091  000.049: require('nvim-tree.renderer.components.modified')
044.510  000.053  000.053: require('nvim-tree.renderer.components.padding')
044.558  000.047  000.047: require('nvim-tree.renderer.components.icons')
044.609  000.050  000.050: require('nvim-tree.renderer.components.full-name')
044.655  000.045  000.045: require('nvim-tree.renderer.help')
044.710  000.053  000.053: require('nvim-tree.renderer.components.git')
044.770  000.060  000.060: require('nvim-tree.renderer.builder')
044.829  000.058  000.058: require('nvim-tree.marks')
044.831  001.841  000.067: require('nvim-tree.renderer')
044.882  000.049  000.049: require('nvim-tree.actions.tree-modifiers.collapse-all')
044.927  000.044  000.044: require('nvim-tree.actions.root.dir-up')
044.983  000.055  000.055: require('nvim-tree.actions.root.change-dir')
045.020  000.036  000.036: require('nvim-tree.actions.reloaders.reloaders')
045.059  000.038  000.038: require('nvim-tree.actions.finders.find-file')
045.060  002.117  000.056: require('nvim-tree.lib')
045.100  000.040  000.040: require('nvim-tree.colors')
045.153  000.052  000.052: require('nvim-tree.legacy')
045.205  000.051  000.051: require('nvim-tree.actions.fs.copy-paste')
045.283  000.038  000.038: require('nvim-tree.actions.tree-modifiers.expand-all')
045.319  000.036  000.036: require('nvim-tree.actions.tree-modifiers.toggles')
045.360  000.038  000.038: require('nvim-tree.actions.fs.create-file')
045.398  000.037  000.037: require('nvim-tree.actions.fs.rename-file')
045.438  000.039  000.039: require('nvim-tree.actions.fs.trash')
045.495  000.046  000.046: require('nvim-tree.actions.fs.remove-file')
045.535  000.037  000.037: require('nvim-tree.actions.moves.parent')
045.571  000.035  000.035: require('nvim-tree.actions.moves.sibling')
045.622  000.051  000.051: require('nvim-tree.actions.moves.item')
045.661  000.037  000.037: require('nvim-tree.actions.finders.search-node')
045.697  000.034  000.034: require('nvim-tree.actions.node.run-command')
045.734  000.037  000.037: require('nvim-tree.actions.node.file-popup')
045.770  000.036  000.036: require('nvim-tree.actions.node.system-open')
045.809  000.037  000.037: require('nvim-tree.marks.bulk-move')
045.810  000.603  000.064: require('nvim-tree.actions.dispatch')
045.925  000.110  000.110: require('vim.diagnostic')
045.933  003.098  000.125: require('nvim-tree')
046.025  000.043  000.043: require('nvim-tree.actions.node.open-file')
046.027  000.084  000.041: require('nvim-tree.marks.navigation')
046.112  000.083  000.083: require('nvim-tree.actions')
046.113  003.333  000.068: require('nvim-tree.api')
046.114  003.388  000.055: require('plugins.nvimtree')
047.141  000.062  000.062: require('mason-core.path')
047.148  000.115  000.053: require('mason.settings')
047.348  000.134  000.134: require('mason-core.functional')
047.469  000.044  000.044: require('mason-core.functional.data')
047.473  000.109  000.065: require('mason-core.functional.function')
047.523  000.043  000.043: require('mason-core.functional.relation')
047.572  000.045  000.045: require('mason-core.functional.logic')
047.599  000.450  000.120: require('mason-core.platform')
047.600  000.891  000.326: require('mason')
047.715  000.059  000.059: require('mason-core.functional.list')
047.795  000.078  000.078: require('mason-core.functional.string')
047.807  000.201  000.064: require('mason.api.command')
047.859  000.050  000.050: require('mason-registry.sources')
047.910  001.599  000.457: require('mason-core.log')
047.912  001.742  000.143: require('mason-lspconfig')
047.956  000.043  000.043: require('plugins.lsp.configs')
048.056  000.052  000.052: require('cmp_nvim_lsp.source')
048.057  000.100  000.048: require('cmp_nvim_lsp')
048.061  001.940  000.055: require('plugins.lsp')
048.273  000.073  000.073: require('core.rooter')
048.495  000.056  000.056: sourcing /Users/cyprien/.local/share/nvim/lazy/smart-splits.nvim/plugin/smart-splits.lua
048.915  000.061  000.061: require('smart-splits.config')
048.964  000.048  000.048: require('smart-splits.tmux')
048.974  000.444  000.336: require('smart-splits.api')
049.021  000.044  000.044: require('smart-splits.resize-mode')
049.022  000.742  000.198: require('smart-splits')
049.373  000.066  000.066: require('utils.fun')
050.038  000.464  000.464: require('alpha')
050.110  000.070  000.070: require('alpha.themes.dashboard')
050.592  000.059  000.059: sourcing /Users/cyprien/.local/share/nvim/lazy/nvim-lspconfig/plugin/lspconfig.lua
051.025  000.423  000.423: require('virtual')
051.083  000.046  000.046: require('mason-core.optional')
051.240  000.064  000.064: require('mason-core.async')
051.300  000.059  000.059: require('mason-core.async.uv')
051.304  000.178  000.056: require('mason-core.fs')
051.350  000.044  000.044: require('mason-core.EventEmitter')
051.356  000.272  000.050: require('mason-registry')
051.481  000.064  000.064: require('mason-core.functional.table')
051.502  000.146  000.081: require('mason-lspconfig.mappings.server')
051.830  000.152  000.152: require('lspconfig.util')
051.832  000.203  000.051: require('lspconfig.configs')
051.833  000.252  000.049: require('lspconfig')
051.885  000.051  000.051: require('lspconfig.server_configurations.lua_ls')
052.045  000.046  000.046: require('lspconfig.server_configurations.vimls')
052.184  000.050  000.050: require('lspconfig.server_configurations.pyright')
052.256  000.045  000.045: require('lspconfig.server_configurations.jsonls')
052.372  000.045  000.045: require('lspconfig.server_configurations.cssls')
052.459  000.047  000.047: require('lspconfig.server_configurations.intelephense')
052.535  000.044  000.044: require('lspconfig.server_configurations.html')
052.652  000.047  000.047: require('lspconfig.server_configurations.tsserver')
052.783  000.055  000.055: require('lspconfig.server_configurations.ocamllsp')
052.868  000.049  000.049: require('lspconfig.server_configurations.clangd')
053.421  000.427  000.427: require('lsp_signature.helper')
053.547  000.624  000.196: require('lsp_signature')
053.983  000.024  000.024: sourcing /Users/cyprien/.local/share/nvim/lazy/nvim-web-devicons/plugin/nvim-web-devicons.vim
054.780  000.439  000.439: require('luatab')
054.974  000.102  000.102: sourcing /Users/cyprien/.local/share/nvim/lazy/targets.vim/plugin/targets.vim
055.462  000.072  000.072: sourcing /Users/cyprien/.local/share/nvim/lazy/move.nvim/plugin/move.lua
056.094  000.215  000.215: sourcing /Users/cyprien/.local/share/nvim/lazy/vim-surround/plugin/surround.vim
057.838  000.046  000.046: require('vim.treesitter.language')
057.843  000.108  000.062: require('vim.treesitter.query')
057.900  000.056  000.056: require('vim.treesitter.languagetree')
057.907  000.231  000.068: require('vim.treesitter')
057.994  000.426  000.195: require('nvim-treesitter.parsers')
058.050  000.056  000.056: require('nvim-treesitter.utils')
058.053  000.551  000.070: require('nvim-treesitter.ts_utils')
058.144  000.044  000.044: require('nvim-ts-autotag._log')
058.146  000.092  000.048: require('nvim-ts-autotag.utils')
058.303  000.048  000.048: require('nvim-treesitter.tsrange')
058.349  000.045  000.045: require('nvim-treesitter.caching')
058.361  000.157  000.064: require('nvim-treesitter.query')
058.369  000.222  000.066: require('nvim-treesitter.configs')
058.374  000.977  000.111: require('nvim-ts-autotag.internal')
058.375  001.444  000.468: require('nvim-ts-autotag')
058.532  000.047  000.047: require('nvim-treesitter.info')
058.588  000.055  000.055: require('nvim-treesitter.shell_command_selectors')
058.597  000.177  000.075: require('nvim-treesitter.install')
058.642  000.043  000.043: require('nvim-treesitter.statusline')
058.692  000.050  000.050: require('nvim-treesitter.query_predicates')
058.694  000.318  000.049: require('nvim-treesitter')
058.696  001.774  000.011: sourcing /Users/cyprien/.local/share/nvim/lazy/nvim-ts-autotag/plugin/nvim-ts-autotag.vim
059.270  000.454  000.454: require('nvim-treesitter-textobjects')
059.373  000.049  000.049: require('nvim-treesitter.textobjects.shared')
059.375  000.102  000.053: require('nvim-treesitter.textobjects.select')
059.475  000.045  000.045: require('nvim-treesitter.textobjects.attach')
059.526  000.051  000.051: require('nvim-treesitter.textobjects.repeatable_move')
059.530  000.146  000.050: require('nvim-treesitter.textobjects.move')
059.629  000.045  000.045: require('nvim-treesitter.textobjects.swap')
059.706  000.049  000.049: require('nvim-treesitter.textobjects.lsp_interop')
059.713  000.905  000.109: sourcing /Users/cyprien/.local/share/nvim/lazy/nvim-treesitter-textobjects/plugin/nvim-treesitter-textobjects.vim
060.277  000.461  000.461: require('nvim-treesitter-textsubjects')
060.280  000.471  000.010: sourcing /Users/cyprien/.local/share/nvim/lazy/nvim-treesitter-textsubjects/plugin/nvim-treesitter-textsubjects.vim
060.852  000.039  000.039: require('nvim-tree-docs.aniseed.autoload')
060.854  000.472  000.433: require('nvim-tree-docs.main')
060.857  000.483  000.011: sourcing /Users/cyprien/.local/share/nvim/lazy/nvim-tree-docs/plugin/nvim-tree-docs.vim
061.383  000.073  000.073: require('sibling-swap.settings')
061.384  000.488  000.415: require('sibling-swap')
061.734  000.276  000.276: sourcing /Users/cyprien/.local/share/nvim/lazy/nvim-treesitter/plugin/nvim-treesitter.lua
061.963  000.055  000.055: require('nvim-tree-docs.internal')
062.044  000.057  000.057: require('nvim-treesitter.indent')
062.161  000.054  000.054: require('nvim-treesitter.locals')
062.163  000.107  000.053: require('nvim-treesitter.incremental_selection')
062.375  000.054  000.054: require('nvim-treesitter.highlight')
062.439  000.043  000.043: require('nvim-treesitter.textsubjects')
063.046  000.160  000.160: sourcing /Users/cyprien/.local/share/nvim/lazy/leap.nvim/plugin/init.lua
063.491  000.435  000.435: require('leap')
063.530  000.038  000.038: require('leap.user')
064.299  000.042  000.042: require('common.common_functions')
064.301  000.096  000.054: require('server.server_functions')
064.370  000.206  000.110: require('server.server')
064.371  000.639  000.433: require('unception')
064.372  000.672  000.033: sourcing /Users/cyprien/.local/share/nvim/lazy/nvim-unception/plugin/main.lua
065.301  000.033  000.033: sourcing /Users/cyprien/.local/share/nvim/lazy/glance.nvim/plugin/glance.lua
067.167  000.563  000.563: require('hover')
067.209  000.042  000.042: require('hover.config')
067.310  000.042  000.042: require('hover.async')
067.346  000.035  000.035: require('hover.providers')
067.348  000.125  000.048: require('hover.actions')
067.542  000.069  000.069: sourcing /opt/homebrew/Cellar/neovim/HEAD-bf9ad5d/share/nvim/runtime/plugin/gzip.vim
067.599  000.006  000.006: sourcing /opt/homebrew/Cellar/neovim/HEAD-bf9ad5d/share/nvim/runtime/plugin/health.vim
067.680  000.035  000.035: sourcing /opt/homebrew/Cellar/neovim/HEAD-bf9ad5d/share/nvim/runtime/plugin/man.lua
069.091  000.080  000.080: sourcing /opt/homebrew/Cellar/neovim/HEAD-bf9ad5d/share/nvim/runtime/pack/dist/opt/matchit/plugin/matchit.vim
069.167  001.451  001.371: sourcing /opt/homebrew/Cellar/neovim/HEAD-bf9ad5d/share/nvim/runtime/plugin/matchit.vim
069.280  000.076  000.076: sourcing /opt/homebrew/Cellar/neovim/HEAD-bf9ad5d/share/nvim/runtime/plugin/matchparen.vim
069.504  000.188  000.188: sourcing /opt/homebrew/Cellar/neovim/HEAD-bf9ad5d/share/nvim/runtime/plugin/netrwPlugin.vim
069.579  000.031  000.031: sourcing /opt/homebrew/Cellar/neovim/HEAD-bf9ad5d/share/nvim/runtime/plugin/nvim.lua
069.743  000.007  000.007: sourcing /Users/cyprien/.local/share/nvim/rplugin.vim
069.746  000.124  000.117: sourcing /opt/homebrew/Cellar/neovim/HEAD-bf9ad5d/share/nvim/runtime/plugin/rplugin.vim
069.822  000.034  000.034: sourcing /opt/homebrew/Cellar/neovim/HEAD-bf9ad5d/share/nvim/runtime/plugin/shada.vim
069.879  000.013  000.013: sourcing /opt/homebrew/Cellar/neovim/HEAD-bf9ad5d/share/nvim/runtime/plugin/spellfile.vim
069.971  000.050  000.050: sourcing /opt/homebrew/Cellar/neovim/HEAD-bf9ad5d/share/nvim/runtime/plugin/tarPlugin.vim
070.055  000.043  000.043: sourcing /opt/homebrew/Cellar/neovim/HEAD-bf9ad5d/share/nvim/runtime/plugin/tohtml.vim
070.107  000.012  000.012: sourcing /opt/homebrew/Cellar/neovim/HEAD-bf9ad5d/share/nvim/runtime/plugin/tutor.vim
070.207  000.062  000.062: sourcing /opt/homebrew/Cellar/neovim/HEAD-bf9ad5d/share/nvim/runtime/plugin/zipPlugin.vim
070.640  000.046  000.046: require('cmp_treesitter.lru')
070.699  000.042  000.042: require('vim.uri')
070.703  000.162  000.074: require('cmp_treesitter.treesitter')
070.705  000.227  000.065: require('cmp_treesitter')
070.714  000.274  000.047: sourcing /Users/cyprien/.local/share/nvim/lazy/cmp-treesitter/after/plugin/cmp_treesitter.lua
070.891  000.038  000.038: require('cmp-rg.types')
070.892  000.085  000.047: require('cmp-rg')
070.902  000.131  000.046: sourcing /Users/cyprien/.local/share/nvim/lazy/cmp-rg/after/plugin/cmp-rg.lua
071.034  000.045  000.045: require('cmp_nvim_lsp_signature_help')
071.048  000.086  000.041: sourcing /Users/cyprien/.local/share/nvim/lazy/cmp-nvim-lsp-signature-help/after/plugin/cmp_nvim_lsp_signature_help.lua
071.171  000.043  000.043: require('cmp_luasnip')
071.182  000.080  000.037: sourcing /Users/cyprien/.local/share/nvim/lazy/cmp_luasnip/after/plugin/cmp_luasnip.lua
071.265  000.029  000.029: sourcing /Users/cyprien/.local/share/nvim/lazy/cmp-nvim-lsp/after/plugin/cmp_nvim_lsp.lua
071.347  000.044  000.044: require('core.options')
073.603  000.288  000.288: sourcing /Users/cyprien/.local/share/nvim/lazy/vim-github-colorscheme/colors/github.vim
073.734  000.098  000.098: require('core.colors')
078.365  000.081  000.081: require('core.autocmds')
078.427  000.049  000.049: require('utils.ft')
078.455  073.856  026.347: sourcing /Users/cyprien/.config/nvim/init.lua
078.466  000.635: sourcing vimrc file(s)
078.805  000.030  000.030: sourcing /opt/homebrew/Cellar/neovim/HEAD-bf9ad5d/share/nvim/runtime/filetype.lua
079.127  000.041  000.041: sourcing /opt/homebrew/Cellar/neovim/HEAD-bf9ad5d/share/nvim/runtime/syntax/synload.vim
079.188  000.294  000.253: sourcing /opt/homebrew/Cellar/neovim/HEAD-bf9ad5d/share/nvim/runtime/syntax/syntax.vim
079.191  000.400: inits 3
081.876  002.685: reading ShaDa
081.953  000.062  000.062: require('luasnip.loaders.from_lua')
082.061  000.122: opening buffers
082.137  000.076: BufEnter autocommands
082.138  000.001: editing files in windows
085.906  003.769: VimEnter autocommands
085.943  000.036: UIEnter autocommands
085.944  000.002: before starting main loop
087.314  000.897  000.897: require('nvim-web-devicons')
089.556  002.715: first screen update
089.558  000.002: --- NVIM STARTED ---
